2018-05-30 19:11:20 [::1][-][-][error][yii\base\InvalidConfigException] yii\base\InvalidConfigException: User::identityClass must be set. in C:\xampp\htdocs\sewakantorscbd\vendor\yiisoft\yii2\web\User.php:163
Stack trace:
#0 C:\xampp\htdocs\sewakantorscbd\vendor\yiisoft\yii2\base\Object.php(107): yii\web\User->init()
#1 [internal function]: yii\base\Object->__construct(Array)
#2 C:\xampp\htdocs\sewakantorscbd\vendor\yiisoft\yii2\di\Container.php(373): ReflectionClass->newInstanceArgs(Array)
#3 C:\xampp\htdocs\sewakantorscbd\vendor\yiisoft\yii2\di\Container.php(154): yii\di\Container->build('yii\\web\\User', Array, Array)
#4 C:\xampp\htdocs\sewakantorscbd\vendor\yiisoft\yii2\BaseYii.php(344): yii\di\Container->get('yii\\web\\User', Array, Array)
#5 C:\xampp\htdocs\sewakantorscbd\vendor\yiisoft\yii2\di\ServiceLocator.php(133): yii\BaseYii::createObject(Array)
#6 C:\xampp\htdocs\sewakantorscbd\vendor\yiisoft\yii2\di\Instance.php(155): yii\di\ServiceLocator->get('user')
#7 C:\xampp\htdocs\sewakantorscbd\vendor\yiisoft\yii2\di\Instance.php(131): yii\di\Instance->get(NULL)
#8 C:\xampp\htdocs\sewakantorscbd\vendor\yiisoft\yii2\filters\AccessControl.php(98): yii\di\Instance::ensure(Object(yii\di\Instance), 'yii\\web\\User')
#9 C:\xampp\htdocs\sewakantorscbd\vendor\yiisoft\yii2\base\Object.php(107): yii\filters\AccessControl->init()
#10 [internal function]: yii\base\Object->__construct(Array)
#11 C:\xampp\htdocs\sewakantorscbd\vendor\yiisoft\yii2\di\Container.php(379): ReflectionClass->newInstanceArgs(Array)
#12 C:\xampp\htdocs\sewakantorscbd\vendor\yiisoft\yii2\di\Container.php(154): yii\di\Container->build('yii\\filters\\Acc...', Array, Array)
#13 C:\xampp\htdocs\sewakantorscbd\vendor\yiisoft\yii2\BaseYii.php(344): yii\di\Container->get('yii\\filters\\Acc...', Array, Array)
#14 C:\xampp\htdocs\sewakantorscbd\vendor\yiisoft\yii2\base\Component.php(663): yii\BaseYii::createObject(Array)
#15 C:\xampp\htdocs\sewakantorscbd\vendor\yiisoft\yii2\base\Component.php(647): yii\base\Component->attachBehaviorInternal('access', Array)
#16 C:\xampp\htdocs\sewakantorscbd\vendor\yiisoft\yii2\base\Component.php(529): yii\base\Component->ensureBehaviors()
#17 C:\xampp\htdocs\sewakantorscbd\vendor\yiisoft\yii2\base\Controller.php(269): yii\base\Component->trigger('beforeAction', Object(yii\base\ActionEvent))
#18 C:\xampp\htdocs\sewakantorscbd\vendor\yiisoft\yii2\web\Controller.php(108): yii\base\Controller->beforeAction(Object(yii\base\InlineAction))
#19 C:\xampp\htdocs\sewakantorscbd\vendor\yiisoft\yii2\base\Controller.php(152): yii\web\Controller->beforeAction(Object(yii\base\InlineAction))
#20 C:\xampp\htdocs\sewakantorscbd\vendor\yiisoft\yii2\base\Module.php(454): yii\base\Controller->runAction('', Array)
#21 C:\xampp\htdocs\sewakantorscbd\vendor\yiisoft\yii2\web\Application.php(87): yii\base\Module->runAction('', Array)
#22 C:\xampp\htdocs\sewakantorscbd\vendor\yiisoft\yii2\base\Application.php(375): yii\web\Application->handleRequest(Object(yii\web\Request))
#23 C:\xampp\htdocs\sewakantorscbd\web\index.php(12): yii\base\Application->run()
#24 {main}
2018-05-30 19:11:20 [::1][-][-][info][application] $_COOKIE = [
    '_ga' => 'GA1.1.1741553008.1526271425'
    'PHPSESSID' => 'crmdj66va0ed7rtsfnlqkcrmmq'
    '_csrf' => 'cbfa843ab013c514b3cadd2330a51349ef929365982df512f3fb9fedee1a874ca:2:{i:0;s:5:\"_csrf\";i:1;s:32:\"8FLIxLHL_Y8rIZnmi-K53R6hh9HdkTnJ\";}'
]

$_SERVER = [
    'MIBDIRS' => 'C:/xampp/php/extras/mibs'
    'MYSQL_HOME' => '\\xampp\\mysql\\bin'
    'OPENSSL_CONF' => 'C:/xampp/apache/bin/openssl.cnf'
    'PHP_PEAR_SYSCONF_DIR' => '\\xampp\\php'
    'PHPRC' => '\\xampp\\php'
    'TMP' => '\\xampp\\tmp'
    'HTTP_HOST' => 'localhost'
    'HTTP_USER_AGENT' => 'Mozilla/5.0 (Windows NT 10.0; Win64; x64; rv:60.0) Gecko/20100101 Firefox/60.0'
    'HTTP_ACCEPT' => 'text/html,application/xhtml+xml,application/xml;q=0.9,*/*;q=0.8'
    'HTTP_ACCEPT_LANGUAGE' => 'en-US,en;q=0.5'
    'HTTP_ACCEPT_ENCODING' => 'gzip, deflate'
    'HTTP_COOKIE' => '_ga=GA1.1.1741553008.1526271425; PHPSESSID=crmdj66va0ed7rtsfnlqkcrmmq; _csrf=cbfa843ab013c514b3cadd2330a51349ef929365982df512f3fb9fedee1a874ca%3A2%3A%7Bi%3A0%3Bs%3A5%3A%22_csrf%22%3Bi%3A1%3Bs%3A32%3A%228FLIxLHL_Y8rIZnmi-K53R6hh9HdkTnJ%22%3B%7D'
    'HTTP_CONNECTION' => 'keep-alive'
    'HTTP_UPGRADE_INSECURE_REQUESTS' => '1'
    'HTTP_PRAGMA' => 'no-cache'
    'HTTP_CACHE_CONTROL' => 'no-cache'
    'PATH' => 'C:\\oraclexe\\app\\oracle\\product\\11.2.0\\server\\bin;C:\\Program Files (x86)\\NVIDIA Corporation\\PhysX\\Common;C:\\ProgramData\\Oracle\\Java\\javapath;C:\\Program Files\\Apache\\maven\\bin;C:\\WINDOWS\\system32;C:\\WINDOWS;C:\\WINDOWS\\System32\\Wbem;C:\\WINDOWS\\System32\\WindowsPowerShell\\v1.0\\;C:\\Program Files\\Java\\jdk1.7.0_80\\bin;C:\\Program Files (x86)\\PuTTY\\;C:\\Program Files (x86)\\Skype\\Phone\\;C:\\Go\\bin;C:\\xampp\\php;C:\\ProgramData\\ComposerSetup\\bin;C:\\Program Files\\TortoiseSVN\\bin;C:\\Program Files\\TortoiseGit\\bin;C:\\Program Files\\Microsoft SQL Server\\Client SDK\\ODBC\\110\\Tools\\Binn\\;C:\\Program Files (x86)\\Microsoft SQL Server\\120\\Tools\\Binn\\;C:\\Program Files\\Microsoft SQL Server\\120\\Tools\\Binn\\;C:\\Program Files\\Microsoft SQL Server\\120\\DTS\\Binn\\;C:\\Program Files (x86)\\Microsoft SQL Server\\120\\Tools\\Binn\\ManagementStudio\\;C:\\Program Files (x86)\\Microsoft SQL Server\\120\\DTS\\Binn\\;C:\\Program Files\\nodejs\\;C:\\Program Files\\Git\\cmd;C:\\Users\\luhut.sihombing\\AppData\\Local\\Microsoft\\WindowsApps;C:\\Users\\luhut.sihombing\\AppData\\Roaming\\Composer\\vendor\\bin;C:\\Users\\luhut.sihombing\\AppData\\Roaming\\npm;C:\\Program Files\\Microsoft VS Code\\bin;C:\\Users\\luhut.sihombing\\AppData\\Local\\GitHubDesktop\\bin'
    'SystemRoot' => 'C:\\WINDOWS'
    'COMSPEC' => 'C:\\WINDOWS\\system32\\cmd.exe'
    'PATHEXT' => '.COM;.EXE;.BAT;.CMD;.VBS;.VBE;.JS;.JSE;.WSF;.WSH;.MSC'
    'WINDIR' => 'C:\\WINDOWS'
    'SERVER_SIGNATURE' => '<address>Apache/2.4.26 (Win32) OpenSSL/1.0.2l PHP/7.1.7 Server at localhost Port 80</address>
'
    'SERVER_SOFTWARE' => 'Apache/2.4.26 (Win32) OpenSSL/1.0.2l PHP/7.1.7'
    'SERVER_NAME' => 'localhost'
    'SERVER_ADDR' => '::1'
    'SERVER_PORT' => '80'
    'REMOTE_ADDR' => '::1'
    'DOCUMENT_ROOT' => 'C:/xampp/htdocs'
    'REQUEST_SCHEME' => 'http'
    'CONTEXT_PREFIX' => ''
    'CONTEXT_DOCUMENT_ROOT' => 'C:/xampp/htdocs'
    'SERVER_ADMIN' => 'postmaster@localhost'
    'SCRIPT_FILENAME' => 'C:/xampp/htdocs/sewakantorscbd/web/index.php'
    'REMOTE_PORT' => '55262'
    'GATEWAY_INTERFACE' => 'CGI/1.1'
    'SERVER_PROTOCOL' => 'HTTP/1.1'
    'REQUEST_METHOD' => 'GET'
    'QUERY_STRING' => ''
    'REQUEST_URI' => '/sewakantorscbd/web/'
    'SCRIPT_NAME' => '/sewakantorscbd/web/index.php'
    'PHP_SELF' => '/sewakantorscbd/web/index.php'
    'REQUEST_TIME_FLOAT' => 1527700280.728
    'REQUEST_TIME' => 1527700280
]
2018-05-30 19:12:43 [::1][-][-][error][yii\base\InvalidConfigException] yii\base\InvalidConfigException: User::identityClass must be set. in C:\xampp\htdocs\sewakantorscbd\vendor\yiisoft\yii2\web\User.php:163
Stack trace:
#0 C:\xampp\htdocs\sewakantorscbd\vendor\yiisoft\yii2\base\Object.php(107): yii\web\User->init()
#1 [internal function]: yii\base\Object->__construct(Array)
#2 C:\xampp\htdocs\sewakantorscbd\vendor\yiisoft\yii2\di\Container.php(373): ReflectionClass->newInstanceArgs(Array)
#3 C:\xampp\htdocs\sewakantorscbd\vendor\yiisoft\yii2\di\Container.php(154): yii\di\Container->build('yii\\web\\User', Array, Array)
#4 C:\xampp\htdocs\sewakantorscbd\vendor\yiisoft\yii2\BaseYii.php(344): yii\di\Container->get('yii\\web\\User', Array, Array)
#5 C:\xampp\htdocs\sewakantorscbd\vendor\yiisoft\yii2\di\ServiceLocator.php(133): yii\BaseYii::createObject(Array)
#6 C:\xampp\htdocs\sewakantorscbd\vendor\yiisoft\yii2\di\Instance.php(155): yii\di\ServiceLocator->get('user')
#7 C:\xampp\htdocs\sewakantorscbd\vendor\yiisoft\yii2\di\Instance.php(131): yii\di\Instance->get(NULL)
#8 C:\xampp\htdocs\sewakantorscbd\vendor\yiisoft\yii2\filters\AccessControl.php(98): yii\di\Instance::ensure(Object(yii\di\Instance), 'yii\\web\\User')
#9 C:\xampp\htdocs\sewakantorscbd\vendor\yiisoft\yii2\base\Object.php(107): yii\filters\AccessControl->init()
#10 [internal function]: yii\base\Object->__construct(Array)
#11 C:\xampp\htdocs\sewakantorscbd\vendor\yiisoft\yii2\di\Container.php(379): ReflectionClass->newInstanceArgs(Array)
#12 C:\xampp\htdocs\sewakantorscbd\vendor\yiisoft\yii2\di\Container.php(154): yii\di\Container->build('yii\\filters\\Acc...', Array, Array)
#13 C:\xampp\htdocs\sewakantorscbd\vendor\yiisoft\yii2\BaseYii.php(344): yii\di\Container->get('yii\\filters\\Acc...', Array, Array)
#14 C:\xampp\htdocs\sewakantorscbd\vendor\yiisoft\yii2\base\Component.php(663): yii\BaseYii::createObject(Array)
#15 C:\xampp\htdocs\sewakantorscbd\vendor\yiisoft\yii2\base\Component.php(647): yii\base\Component->attachBehaviorInternal('access', Array)
#16 C:\xampp\htdocs\sewakantorscbd\vendor\yiisoft\yii2\base\Component.php(529): yii\base\Component->ensureBehaviors()
#17 C:\xampp\htdocs\sewakantorscbd\vendor\yiisoft\yii2\base\Controller.php(269): yii\base\Component->trigger('beforeAction', Object(yii\base\ActionEvent))
#18 C:\xampp\htdocs\sewakantorscbd\vendor\yiisoft\yii2\web\Controller.php(108): yii\base\Controller->beforeAction(Object(yii\base\InlineAction))
#19 C:\xampp\htdocs\sewakantorscbd\vendor\yiisoft\yii2\base\Controller.php(152): yii\web\Controller->beforeAction(Object(yii\base\InlineAction))
#20 C:\xampp\htdocs\sewakantorscbd\vendor\yiisoft\yii2\base\Module.php(454): yii\base\Controller->runAction('', Array)
#21 C:\xampp\htdocs\sewakantorscbd\vendor\yiisoft\yii2\web\Application.php(87): yii\base\Module->runAction('', Array)
#22 C:\xampp\htdocs\sewakantorscbd\vendor\yiisoft\yii2\base\Application.php(375): yii\web\Application->handleRequest(Object(yii\web\Request))
#23 C:\xampp\htdocs\sewakantorscbd\web\index.php(12): yii\base\Application->run()
#24 {main}
2018-05-30 19:12:43 [::1][-][-][info][application] $_COOKIE = [
    '_ga' => 'GA1.1.1741553008.1526271425'
    'PHPSESSID' => 'crmdj66va0ed7rtsfnlqkcrmmq'
    '_csrf' => 'cbfa843ab013c514b3cadd2330a51349ef929365982df512f3fb9fedee1a874ca:2:{i:0;s:5:\"_csrf\";i:1;s:32:\"8FLIxLHL_Y8rIZnmi-K53R6hh9HdkTnJ\";}'
]

$_SERVER = [
    'MIBDIRS' => 'C:/xampp/php/extras/mibs'
    'MYSQL_HOME' => '\\xampp\\mysql\\bin'
    'OPENSSL_CONF' => 'C:/xampp/apache/bin/openssl.cnf'
    'PHP_PEAR_SYSCONF_DIR' => '\\xampp\\php'
    'PHPRC' => '\\xampp\\php'
    'TMP' => '\\xampp\\tmp'
    'HTTP_HOST' => 'localhost'
    'HTTP_USER_AGENT' => 'Mozilla/5.0 (Windows NT 10.0; Win64; x64; rv:60.0) Gecko/20100101 Firefox/60.0'
    'HTTP_ACCEPT' => 'text/html,application/xhtml+xml,application/xml;q=0.9,*/*;q=0.8'
    'HTTP_ACCEPT_LANGUAGE' => 'en-US,en;q=0.5'
    'HTTP_ACCEPT_ENCODING' => 'gzip, deflate'
    'HTTP_COOKIE' => '_ga=GA1.1.1741553008.1526271425; PHPSESSID=crmdj66va0ed7rtsfnlqkcrmmq; _csrf=cbfa843ab013c514b3cadd2330a51349ef929365982df512f3fb9fedee1a874ca%3A2%3A%7Bi%3A0%3Bs%3A5%3A%22_csrf%22%3Bi%3A1%3Bs%3A32%3A%228FLIxLHL_Y8rIZnmi-K53R6hh9HdkTnJ%22%3B%7D'
    'HTTP_CONNECTION' => 'keep-alive'
    'HTTP_UPGRADE_INSECURE_REQUESTS' => '1'
    'HTTP_PRAGMA' => 'no-cache'
    'HTTP_CACHE_CONTROL' => 'no-cache'
    'PATH' => 'C:\\oraclexe\\app\\oracle\\product\\11.2.0\\server\\bin;C:\\Program Files (x86)\\NVIDIA Corporation\\PhysX\\Common;C:\\ProgramData\\Oracle\\Java\\javapath;C:\\Program Files\\Apache\\maven\\bin;C:\\WINDOWS\\system32;C:\\WINDOWS;C:\\WINDOWS\\System32\\Wbem;C:\\WINDOWS\\System32\\WindowsPowerShell\\v1.0\\;C:\\Program Files\\Java\\jdk1.7.0_80\\bin;C:\\Program Files (x86)\\PuTTY\\;C:\\Program Files (x86)\\Skype\\Phone\\;C:\\Go\\bin;C:\\xampp\\php;C:\\ProgramData\\ComposerSetup\\bin;C:\\Program Files\\TortoiseSVN\\bin;C:\\Program Files\\TortoiseGit\\bin;C:\\Program Files\\Microsoft SQL Server\\Client SDK\\ODBC\\110\\Tools\\Binn\\;C:\\Program Files (x86)\\Microsoft SQL Server\\120\\Tools\\Binn\\;C:\\Program Files\\Microsoft SQL Server\\120\\Tools\\Binn\\;C:\\Program Files\\Microsoft SQL Server\\120\\DTS\\Binn\\;C:\\Program Files (x86)\\Microsoft SQL Server\\120\\Tools\\Binn\\ManagementStudio\\;C:\\Program Files (x86)\\Microsoft SQL Server\\120\\DTS\\Binn\\;C:\\Program Files\\nodejs\\;C:\\Program Files\\Git\\cmd;C:\\Users\\luhut.sihombing\\AppData\\Local\\Microsoft\\WindowsApps;C:\\Users\\luhut.sihombing\\AppData\\Roaming\\Composer\\vendor\\bin;C:\\Users\\luhut.sihombing\\AppData\\Roaming\\npm;C:\\Program Files\\Microsoft VS Code\\bin;C:\\Users\\luhut.sihombing\\AppData\\Local\\GitHubDesktop\\bin'
    'SystemRoot' => 'C:\\WINDOWS'
    'COMSPEC' => 'C:\\WINDOWS\\system32\\cmd.exe'
    'PATHEXT' => '.COM;.EXE;.BAT;.CMD;.VBS;.VBE;.JS;.JSE;.WSF;.WSH;.MSC'
    'WINDIR' => 'C:\\WINDOWS'
    'SERVER_SIGNATURE' => '<address>Apache/2.4.26 (Win32) OpenSSL/1.0.2l PHP/7.1.7 Server at localhost Port 80</address>
'
    'SERVER_SOFTWARE' => 'Apache/2.4.26 (Win32) OpenSSL/1.0.2l PHP/7.1.7'
    'SERVER_NAME' => 'localhost'
    'SERVER_ADDR' => '::1'
    'SERVER_PORT' => '80'
    'REMOTE_ADDR' => '::1'
    'DOCUMENT_ROOT' => 'C:/xampp/htdocs'
    'REQUEST_SCHEME' => 'http'
    'CONTEXT_PREFIX' => ''
    'CONTEXT_DOCUMENT_ROOT' => 'C:/xampp/htdocs'
    'SERVER_ADMIN' => 'postmaster@localhost'
    'SCRIPT_FILENAME' => 'C:/xampp/htdocs/sewakantorscbd/web/index.php'
    'REMOTE_PORT' => '55290'
    'GATEWAY_INTERFACE' => 'CGI/1.1'
    'SERVER_PROTOCOL' => 'HTTP/1.1'
    'REQUEST_METHOD' => 'GET'
    'QUERY_STRING' => ''
    'REQUEST_URI' => '/sewakantorscbd/web/'
    'SCRIPT_NAME' => '/sewakantorscbd/web/index.php'
    'PHP_SELF' => '/sewakantorscbd/web/index.php'
    'REQUEST_TIME_FLOAT' => 1527700363.16
    'REQUEST_TIME' => 1527700363
]
